<testsuites>
  <!--Zero or more repetitions:-->
  <testsuite name="token" timestamp="2008-09-29T03:49:45" hostname="token" tests="3" failures="3" errors="3" time="1000.00" package="token" id="3">
    <properties>
      <!--Zero or more repetitions:-->
      <property name="token" value="string"/>
    </properties>
    <!--Zero or more repetitions:-->
    <testcase name="token" classname="token" time="1000.00">
      <!--You have a CHOICE of the next 2 items at this level-->
      <error message="string" type="string">string</error>
      <failure message="string" type="string">string</failure>
    </testcase>
    <system-out>string</system-out>
    <system-err>string</system-err>
  </testsuite>
</testsuites>